2024-05-28 22:44:38:4438 [35mhttp[39m: [35m::1 OPTIONS /api/user/login 200 4 - 4.062 ms[39m
[35m[39m
2024-05-28 22:44:38:4438 [35mhttp[39m: [35m::1 POST /api/user/login 200 218 - 173.184 ms[39m
[35m[39m
2024-05-28 22:45:11:4511 [35mhttp[39m: [35m::1 GET /api/products/1 200 213 - 1014.840 ms[39m
[35m[39m
2024-05-28 22:45:35:4535 [35mhttp[39m: [35m::1 GET /api/products/1 200 213 - 1014.831 ms[39m
[35m[39m
2024-05-28 22:45:58:4558 [35mhttp[39m: [35m::1 GET /api/products/1 200 213 - 1006.406 ms[39m
[35m[39m
2024-05-29 08:27:55:2755 [35mhttp[39m: [35m::1 GET /api/products/1 404 50 - 1017.434 ms[39m
[35m[39m
2024-05-29 08:28:25:2825 [35mhttp[39m: [35m::1 GET /api/products/1 200 729 - 1013.207 ms[39m
[35m[39m
2024-05-29 08:28:43:2843 [35mhttp[39m: [35m::1 GET /api/products/1 200 729 - 1007.081 ms[39m
[35m[39m
2024-05-29 08:29:32:2932 [35mhttp[39m: [35m::ffff:127.0.0.1 POST /api/user/login 200 216 - 197.169 ms[39m
[35m[39m
2024-05-29 08:32:17:3217 [35mhttp[39m: [35m::1 GET /api/products/1 200 729 - 1012.232 ms[39m
[35m[39m
2024-05-29 08:32:30:3230 [35mhttp[39m: [35m::1 OPTIONS /api/user/login 200 4 - 0.649 ms[39m
[35m[39m
2024-05-29 08:32:30:3230 [35mhttp[39m: [35m::1 POST /api/user/login 200 216 - 82.532 ms[39m
[35m[39m
2024-05-29 08:32:42:3242 [35mhttp[39m: [35m::1 OPTIONS /api/user/login 200 4 - 0.451 ms[39m
[35m[39m
2024-05-29 08:32:42:3242 [35mhttp[39m: [35m::1 POST /api/user/login 200 216 - 86.570 ms[39m
[35m[39m
2024-05-29 08:39:37:3937 [35mhttp[39m: [35m::1 GET /api/products/1 200 729 - 1015.704 ms[39m
[35m[39m
2024-05-29 08:40:22:4022 [35mhttp[39m: [35m::1 GET /api/products/1 200 729 - 1011.978 ms[39m
[35m[39m
2024-05-29 08:41:50:4150 [35mhttp[39m: [35m::1 GET /api/products/1 200 729 - 1008.800 ms[39m
[35m[39m
2024-05-29 08:43:00:430 [35mhttp[39m: [35m::1 GET /api/products/1 200 729 - 1005.269 ms[39m
[35m[39m
2024-05-29 08:44:38:4438 [35mhttp[39m: [35m::1 GET /api/products/1 200 729 - 1010.741 ms[39m
[35m[39m
2024-05-29 08:45:11:4511 [35mhttp[39m: [35m::1 GET /api/products/1 200 729 - 1005.956 ms[39m
[35m[39m
2024-05-29 08:45:28:4528 [35mhttp[39m: [35m::1 GET /api/products/1 200 729 - 1010.045 ms[39m
[35m[39m
2024-05-29 08:47:08:478 [35mhttp[39m: [35m::1 GET /api/products/1 200 729 - 1011.683 ms[39m
[35m[39m
2024-05-29 08:47:21:4721 [35mhttp[39m: [35m::1 GET /api/products/1 200 729 - 1010.633 ms[39m
[35m[39m
2024-05-29 08:47:25:4725 [35mhttp[39m: [35m::1 GET /api/products/1 200 729 - 1013.583 ms[39m
[35m[39m
2024-05-29 08:47:43:4743 [35mhttp[39m: [35m::1 GET /api/products/1 200 729 - 1013.516 ms[39m
[35m[39m
2024-05-29 08:47:45:4745 [35mhttp[39m: [35m::1 GET /api/products/1 200 729 - 1015.411 ms[39m
[35m[39m
2024-05-29 08:47:53:4753 [35mhttp[39m: [35m::1 GET /api/products/1 200 729 - 1005.416 ms[39m
[35m[39m
2024-05-29 08:48:51:4851 [35mhttp[39m: [35m::1 GET /api/products/1 200 729 - 1010.093 ms[39m
[35m[39m
2024-05-29 08:48:53:4853 [35mhttp[39m: [35m::1 GET /api/products/1 200 729 - 1007.377 ms[39m
[35m[39m
2024-05-29 08:50:51:5051 [35mhttp[39m: [35m::1 GET /api/products/1 200 729 - 1015.217 ms[39m
[35m[39m
2024-05-29 08:51:57:5157 [35mhttp[39m: [35m::1 GET /api/products/1 200 729 - 1012.864 ms[39m
[35m[39m
2024-05-29 08:52:26:5226 [35mhttp[39m: [35m::1 GET /api/products/1 200 729 - 1001.206 ms[39m
[35m[39m
2024-05-29 08:52:28:5228 [35mhttp[39m: [35m::1 GET /api/products/1 200 729 - 1007.014 ms[39m
[35m[39m
2024-05-29 09:03:30:330 [35mhttp[39m: [35m::1 GET /api/products/1 200 729 - 1011.318 ms[39m
[35m[39m
2024-05-29 09:03:34:334 [35mhttp[39m: [35m::1 GET /api/products/1 200 729 - 1012.761 ms[39m
[35m[39m
2024-05-29 09:24:27:2427 [35mhttp[39m: [35m::1 GET /api/products/1 200 729 - 1007.684 ms[39m
[35m[39m
2024-05-29 09:24:43:2443 [35mhttp[39m: [35m::1 GET /api/products/1 200 729 - 1005.230 ms[39m
[35m[39m
2024-05-29 09:24:49:2449 [35mhttp[39m: [35m::1 GET /api/products/1 200 729 - 1015.146 ms[39m
[35m[39m
2024-05-29 09:26:41:2641 [35mhttp[39m: [35m::1 GET /api/products/1 200 729 - 1013.448 ms[39m
[35m[39m
2024-05-29 09:27:28:2728 [35mhttp[39m: [35m::1 GET /api/products/1 200 729 - 1015.565 ms[39m
[35m[39m
2024-05-29 09:29:42:2942 [35mhttp[39m: [35m::1 GET /api/products/1 200 729 - 1010.501 ms[39m
[35m[39m
2024-05-29 09:29:42:2942 [35mhttp[39m: [35m::1 GET /api/products/1 200 729 - 1004.048 ms[39m
[35m[39m
2024-05-29 09:30:17:3017 [35mhttp[39m: [35m::1 GET /api/products/1 200 729 - 1010.472 ms[39m
[35m[39m
2024-05-29 09:46:18:4618 [35mhttp[39m: [35m::1 GET /api/products/1 200 729 - 1010.619 ms[39m
[35m[39m
2024-05-29 09:59:50:5950 [35mhttp[39m: [35m::1 GET /api/products/1 200 729 - 1015.765 ms[39m
[35m[39m
2024-05-29 10:04:05:45 [35mhttp[39m: [35m::1 GET /api/product/1 200 111 - 1015.027 ms[39m
[35m[39m
2024-05-29 10:05:29:529 [35mhttp[39m: [35m::1 GET /api/product/1 200 111 - 1011.737 ms[39m
[35m[39m
2024-05-29 10:05:42:542 [35mhttp[39m: [35m::1 GET /api/product/1 200 111 - 1016.217 ms[39m
[35m[39m
2024-05-29 10:12:04:124 [35mhttp[39m: [35m::1 GET /api/product/1 200 111 - 1005.481 ms[39m
[35m[39m
2024-05-29 10:12:06:126 [35mhttp[39m: [35m::1 GET /api/product/1 200 111 - 1003.694 ms[39m
[35m[39m
2024-05-29 10:12:07:127 [35mhttp[39m: [35m::1 GET /api/product/1 200 111 - 1007.627 ms[39m
[35m[39m
2024-05-29 10:12:10:1210 [35mhttp[39m: [35m::1 GET /api/product/1 200 111 - 1014.245 ms[39m
[35m[39m
2024-05-29 10:13:30:1330 [35mhttp[39m: [35m::1 GET /api/product/$%7Bid%7D 200 111 - 1000.590 ms[39m
[35m[39m
2024-05-29 10:14:02:142 [35mhttp[39m: [35m::1 GET /api/product/$%7Bid%7D 200 111 - 1004.656 ms[39m
[35m[39m
2024-05-29 10:14:17:1417 [35mhttp[39m: [35m::1 GET /api/product/$%7Bid%7D 200 111 - 1005.041 ms[39m
[35m[39m
2024-05-29 10:14:27:1427 [35mhttp[39m: [35m::1 GET /api/product/$%7Bid%7D 200 111 - 1000.955 ms[39m
[35m[39m
2024-05-29 10:15:01:151 [35mhttp[39m: [35m::1 GET /api/product/$%7Bid%7D 200 111 - 1014.102 ms[39m
[35m[39m
2024-05-29 10:15:59:1559 [35mhttp[39m: [35m::1 GET /api/product/$%7Bid%7D 200 111 - 1005.912 ms[39m
[35m[39m
2024-05-29 10:16:06:166 [35mhttp[39m: [35m::1 GET /api/product/$%7Bid%7D 200 111 - 1015.110 ms[39m
[35m[39m
2024-05-29 10:16:19:1619 [35mhttp[39m: [35m::1 GET /api/product/$%7Bid%7D 200 111 - 1008.906 ms[39m
[35m[39m
2024-05-29 10:16:24:1624 [35mhttp[39m: [35m::1 GET /api/product/$%7Bid%7D 200 111 - 1011.440 ms[39m
[35m[39m
2024-05-29 10:16:28:1628 [35mhttp[39m: [35m::1 GET /api/product/$%7Bid%7D 200 111 - 1011.837 ms[39m
[35m[39m
2024-05-29 10:18:16:1816 [35mhttp[39m: [35m::1 GET /api/product/$%7Bid%7D 200 111 - 1011.601 ms[39m
[35m[39m
2024-05-29 10:18:43:1843 [35mhttp[39m: [35m::1 GET /api/product/$%7Bid%7D 200 111 - 1015.040 ms[39m
[35m[39m
2024-05-29 10:18:47:1847 [35mhttp[39m: [35m::1 GET /api/product/$%7Bid%7D 200 111 - 1016.251 ms[39m
[35m[39m
2024-05-29 10:19:03:193 [35mhttp[39m: [35m::1 GET /api/product/$%7Bid%7D 200 111 - 1007.785 ms[39m
[35m[39m
2024-05-29 10:19:10:1910 [35mhttp[39m: [35m::1 GET /api/product/$%7Bid%7D 200 111 - 1013.178 ms[39m
[35m[39m
2024-05-29 10:19:42:1942 [35mhttp[39m: [35m::1 GET /api/product/2 200 111 - 1009.678 ms[39m
[35m[39m
2024-05-29 10:19:57:1957 [35mhttp[39m: [35m::1 GET /api/product/2 200 111 - 1015.402 ms[39m
[35m[39m
2024-05-29 10:20:35:2035 [35mhttp[39m: [35m::1 GET /api/product/22 200 111 - 1011.756 ms[39m
[35m[39m
2024-05-29 10:20:42:2042 [35mhttp[39m: [35m::1 GET /api/product/2 200 111 - 1002.922 ms[39m
[35m[39m
2024-05-29 10:21:07:217 [35mhttp[39m: [35m::1 GET /api/product/2 200 111 - 1012.096 ms[39m
[35m[39m
2024-05-29 10:21:28:2128 [35mhttp[39m: [35m::1 GET /api/product/2 200 111 - 1002.573 ms[39m
[35m[39m
2024-05-29 10:22:07:227 [35mhttp[39m: [35m::1 GET /api/product/2 200 148 - 1006.438 ms[39m
[35m[39m
2024-05-29 10:22:16:2216 [35mhttp[39m: [35m::1 GET /api/product/2 200 148 - 1012.067 ms[39m
[35m[39m
2024-05-29 10:22:42:2242 [35mhttp[39m: [35m::1 GET /api/product/$%7Bid%7D 200 148 - 1012.874 ms[39m
[35m[39m
2024-05-29 10:24:06:246 [35mhttp[39m: [35m::1 GET /api/product/$%7Bid%7D 200 148 - 1014.243 ms[39m
[35m[39m
2024-05-29 10:25:58:2558 [35mhttp[39m: [35m::1 GET /api/product/2 200 148 - 1013.552 ms[39m
[35m[39m
2024-05-29 10:26:16:2616 [35mhttp[39m: [35m::1 GET /api/product/2 200 148 - 1010.614 ms[39m
[35m[39m
2024-05-29 10:26:16:2616 [35mhttp[39m: [35m::1 GET /api/product/2 200 148 - 1015.054 ms[39m
[35m[39m
2024-05-29 10:26:45:2645 [35mhttp[39m: [35m::1 GET /api/product/2 200 148 - 1004.092 ms[39m
[35m[39m
2024-05-29 10:27:21:2721 [35mhttp[39m: [35m::1 GET /api/product/$%7Bid%7D 200 148 - 1013.968 ms[39m
[35m[39m
2024-05-29 10:27:24:2724 [35mhttp[39m: [35m::1 GET /api/product/$%7Bid%7D 200 148 - 1008.345 ms[39m
[35m[39m
2024-05-29 10:27:28:2728 [35mhttp[39m: [35m::1 GET /api/product/$%7Bid%7D 200 148 - 1012.250 ms[39m
[35m[39m
2024-05-29 10:27:59:2759 [35mhttp[39m: [35m::1 GET /api/product/$%7Bid%7D 200 148 - 1015.840 ms[39m
[35m[39m
2024-05-29 10:28:49:2849 [35mhttp[39m: [35m::1 GET /api/product/2 200 148 - 1005.664 ms[39m
[35m[39m
2024-05-29 10:29:12:2912 [35mhttp[39m: [35m::1 GET /api/product/2 200 148 - 1001.524 ms[39m
[35m[39m
2024-05-29 10:29:32:2932 [35mhttp[39m: [35m::1 GET /api/products/1 200 729 - 1014.087 ms[39m
[35m[39m
2024-05-29 10:29:38:2938 [35mhttp[39m: [35m::1 GET /api/product/4 200 179 - 1008.276 ms[39m
[35m[39m
2024-05-29 10:31:55:3155 [35mhttp[39m: [35m::1 GET /api/product/4 200 179 - 1009.112 ms[39m
[35m[39m
2024-05-29 10:32:07:327 [35mhttp[39m: [35m::1 GET /api/product/4 200 179 - 1005.356 ms[39m
[35m[39m
2024-05-29 10:34:36:3436 [35mhttp[39m: [35m::1 GET /api/product/4 200 179 - 1001.687 ms[39m
[35m[39m
2024-05-29 10:34:55:3455 [35mhttp[39m: [35m::1 GET /api/product/4 200 179 - 1004.072 ms[39m
[35m[39m
2024-05-29 10:35:43:3543 [35mhttp[39m: [35m::1 GET /api/product/4 200 179 - 1011.587 ms[39m
[35m[39m
2024-05-29 10:35:51:3551 [35mhttp[39m: [35m::1 GET /api/product/4 200 179 - 1004.068 ms[39m
[35m[39m
2024-05-29 10:35:53:3553 [35mhttp[39m: [35m::1 GET /api/product/4 200 179 - 1002.769 ms[39m
[35m[39m
2024-05-29 10:36:01:361 [35mhttp[39m: [35m::1 GET /api/products/1 200 729 - 1011.045 ms[39m
[35m[39m
2024-05-29 10:36:06:366 [35mhttp[39m: [35m::1 GET /api/product/3 200 110 - 1004.815 ms[39m
[35m[39m
2024-05-29 10:58:22:5822 [35mhttp[39m: [35m::1 GET /api/product/3 200 110 - 1007.860 ms[39m
[35m[39m
2024-05-29 11:00:14:014 [35mhttp[39m: [35m::1 GET /api/product/3 200 110 - 1003.547 ms[39m
[35m[39m
2024-05-29 11:01:28:128 [35mhttp[39m: [35m::1 GET /api/product/3 200 110 - 1013.831 ms[39m
[35m[39m
2024-05-29 11:27:28:2728 [35mhttp[39m: [35m::1 GET /api/product/2 200 148 - 1001.045 ms[39m
[35m[39m
2024-05-29 11:27:35:2735 [35mhttp[39m: [35m::1 GET /api/product/1 200 111 - 1014.234 ms[39m
[35m[39m
2024-05-29 11:33:49:3349 [35mhttp[39m: [35m::1 GET /api/product/3 200 111 - 1002.986 ms[39m
[35m[39m
2024-05-29 11:33:49:3349 [35mhttp[39m: [35m::1 GET /api/product/3 200 111 - 1014.699 ms[39m
[35m[39m
2024-05-29 11:45:25:4525 [35mhttp[39m: [35m::1 GET /api/product/1 200 111 - 1000.884 ms[39m
[35m[39m
2024-05-29 11:45:32:4532 [35mhttp[39m: [35m::1 GET /api/product/2 200 111 - 1006.986 ms[39m
[35m[39m
2024-05-29 11:45:46:4546 [35mhttp[39m: [35m::1 GET /api/product/5 200 111 - 1002.374 ms[39m
[35m[39m
2024-05-29 11:45:56:4556 [35mhttp[39m: [35m::1 GET /api/products/1 200 111 - 1005.677 ms[39m
[35m[39m
2024-05-29 12:16:23:1623 [35mhttp[39m: [35m::1 GET /api/products/1 200 729 - 1015.095 ms[39m
[35m[39m
2024-05-29 12:16:26:1626 [35mhttp[39m: [35m::1 GET /api/product/5 200 175 - 1009.863 ms[39m
[35m[39m
2024-05-29 12:16:36:1636 [35mhttp[39m: [35m::1 GET /api/product/4 200 179 - 1007.876 ms[39m
[35m[39m
2024-05-29 12:16:42:1642 [35mhttp[39m: [35m::1 GET /api/product/3 200 110 - 1004.879 ms[39m
[35m[39m
2024-05-29 12:16:56:1656 [35mhttp[39m: [35m::1 GET /api/product/2 200 148 - 1009.591 ms[39m
[35m[39m
2024-05-29 12:38:57:3857 [35mhttp[39m: [35m::1 GET /api/user/1 404 149 - 6.150 ms[39m
[35m[39m
2024-05-29 12:39:06:396 [35mhttp[39m: [35m::1 GET /api/user/ 404 148 - 3.176 ms[39m
[35m[39m
2024-05-29 12:40:34:4034 [35mhttp[39m: [35m::1 GET /api/ 404 143 - 0.846 ms[39m
[35m[39m
2024-05-29 13:35:44:3544 [35mhttp[39m: [35m::1 GET /api/products/1 404 50 - 1019.136 ms[39m
[35m[39m
2024-05-29 13:41:41:4141 [35mhttp[39m: [35m::1 OPTIONS /api/user/login 200 4 - 1.571 ms[39m
[35m[39m
2024-05-29 13:41:41:4141 [35mhttp[39m: [35m::1 POST /api/user/login 200 216 - 162.571 ms[39m
[35m[39m
2024-05-29 14:10:16:1016 [35mhttp[39m: [35m::1 GET /api/user/login 404 153 - 1.747 ms[39m
[35m[39m
2024-05-29 14:10:21:1021 [35mhttp[39m: [35m::1 GET /api/user/1 404 149 - 2.000 ms[39m
[35m[39m
2024-05-29 14:10:26:1026 [35mhttp[39m: [35m::1 GET /api/user/login 404 153 - 0.789 ms[39m
[35m[39m
2024-05-29 14:10:42:1042 [35mhttp[39m: [35m::1 GET /api/product/1 404 50 - 1009.518 ms[39m
[35m[39m
2024-05-29 14:10:56:1056 [35mhttp[39m: [35m::ffff:127.0.0.1 POST /api/user/login 200 216 - 107.569 ms[39m
[35m[39m
2024-05-29 14:10:58:1058 [35mhttp[39m: [35m::ffff:127.0.0.1 POST /api/user/login 200 216 - 86.569 ms[39m
[35m[39m
2024-05-29 15:15:48:1548 [35mhttp[39m: [35m::1 GET /api/products/1 404 50 - 1011.791 ms[39m
[35m[39m
2024-05-29 15:28:15:2815 [35mhttp[39m: [35m::1 GET /api/products/1 404 50 - 1005.120 ms[39m
[35m[39m
2024-05-29 15:28:40:2840 [35mhttp[39m: [35m::1 GET /api/products/1 200 729 - 1009.193 ms[39m
[35m[39m
2024-05-29 15:28:45:2845 [35mhttp[39m: [35m::1 GET /api/product/1 200 111 - 1007.569 ms[39m
[35m[39m
2024-05-29 15:55:16:5516 [35mhttp[39m: [35m::1 GET /api/product/1 200 111 - 1004.108 ms[39m
[35m[39m
2024-05-29 15:55:16:5516 [35mhttp[39m: [35m::1 GET /api/product/1 200 111 - 1014.954 ms[39m
[35m[39m
2024-05-29 15:55:28:5528 [35mhttp[39m: [35m::1 OPTIONS /api/user/login 200 4 - 0.734 ms[39m
[35m[39m
2024-05-29 15:55:28:5528 [35mhttp[39m: [35m::1 POST /api/user/login 200 216 - 112.246 ms[39m
[35m[39m
2024-05-29 16:00:10:010 [35mhttp[39m: [35m::1 OPTIONS /api/user/login 200 4 - 0.596 ms[39m
[35m[39m
2024-05-29 16:00:10:010 [35mhttp[39m: [35m::1 POST /api/user/login 200 216 - 95.492 ms[39m
[35m[39m
2024-05-29 16:00:18:018 [35mhttp[39m: [35m::1 OPTIONS /api/user/login 200 4 - 0.480 ms[39m
[35m[39m
2024-05-29 16:00:18:018 [35mhttp[39m: [35m::1 POST /api/user/login 200 216 - 83.790 ms[39m
[35m[39m
2024-05-29 16:00:57:057 [35mhttp[39m: [35m::1 OPTIONS /api/user/login 200 4 - 0.356 ms[39m
[35m[39m
2024-05-29 16:00:57:057 [35mhttp[39m: [35m::1 POST /api/user/login 200 216 - 88.444 ms[39m
[35m[39m
2024-05-29 16:00:58:058 [35mhttp[39m: [35m::1 OPTIONS /api/user/login 200 4 - 0.309 ms[39m
[35m[39m
2024-05-29 16:00:58:058 [35mhttp[39m: [35m::1 POST /api/user/login 200 216 - 87.089 ms[39m
[35m[39m
2024-05-29 16:28:58:2858 [35mhttp[39m: [35m::1 OPTIONS /api/user/login 200 4 - 0.433 ms[39m
[35m[39m
2024-05-29 16:28:58:2858 [35mhttp[39m: [35m::1 POST /api/user/login 422 42 - 3.547 ms[39m
[35m[39m
2024-05-29 16:29:04:294 [35mhttp[39m: [35m::1 OPTIONS /api/user/login 200 4 - 0.347 ms[39m
[35m[39m
2024-05-29 16:29:04:294 [35mhttp[39m: [35m::1 POST /api/user/login 200 216 - 110.670 ms[39m
[35m[39m
2024-05-29 16:29:30:2930 [35mhttp[39m: [35m::1 OPTIONS /api/user/login 200 4 - 0.390 ms[39m
[35m[39m
2024-05-29 16:29:30:2930 [35mhttp[39m: [35m::1 POST /api/user/login 200 216 - 82.002 ms[39m
[35m[39m
2024-05-29 16:31:07:317 [35mhttp[39m: [35m::1 OPTIONS /api/user/login 200 4 - 0.272 ms[39m
[35m[39m
2024-05-29 16:31:07:317 [35mhttp[39m: [35m::1 POST /api/user/login 200 216 - 84.745 ms[39m
[35m[39m
2024-05-29 16:31:17:3117 [35mhttp[39m: [35m::1 OPTIONS /api/user/login 200 4 - 0.420 ms[39m
[35m[39m
2024-05-29 16:31:17:3117 [35mhttp[39m: [35m::1 POST /api/user/login 200 216 - 87.467 ms[39m
[35m[39m
2024-05-29 16:39:30:3930 [35mhttp[39m: [35m::1 OPTIONS /api/user/login 200 4 - 0.670 ms[39m
[35m[39m
2024-05-29 16:39:30:3930 [35mhttp[39m: [35m::1 POST /api/user/login 200 216 - 102.729 ms[39m
[35m[39m
2024-05-29 21:16:45:1645 [35mhttp[39m: [35m::1 GET /api/products/1 404 50 - 1013.145 ms[39m
[35m[39m
2024-05-29 21:17:27:1727 [35mhttp[39m: [35m::1 GET /api/products/1 200 213 - 1007.394 ms[39m
[35m[39m
2024-05-29 21:18:59:1859 [35mhttp[39m: [35m::1 GET /api/products/1 200 213 - 1008.877 ms[39m
[35m[39m
2024-05-29 21:19:05:195 [35mhttp[39m: [35m::1 GET /api/product/1 200 113 - 1006.984 ms[39m
[35m[39m
2024-05-29 21:24:52:2452 [35mhttp[39m: [35m::1 OPTIONS /api/user/login 200 4 - 0.751 ms[39m
[35m[39m
2024-05-29 21:24:52:2452 [35mhttp[39m: [35m::1 POST /api/user/login 200 218 - 137.799 ms[39m
[35m[39m
